------Start of DE processing------ = [5/19/23 15:46:36:401 UTC]
Exception = java.io.IOException
Source = com.ibm.zosconnect.cics.internal.conn.isc.TcpConnection
probeid = 408
Stack Dump = java.io.IOException: Connection Exception: Connection is closed
	at com.ibm.zosconnect.cics.internal.conn.isc.QueueingInputStream.read(Unknown Source)
	at com.ibm.zosconnect.cics.internal.conn.isc.headers.ISFieldHeader.readReply(Unknown Source)
	at com.ibm.zosconnect.cics.internal.conn.isc.Connection.sendCapabilityExchange(Unknown Source)
	at com.ibm.zosconnect.cics.internal.conn.isc.Connection.open(Unknown Source)
	at com.ibm.zosconnect.cics.internal.conn.isc.Connection.access$100(Unknown Source)
	at com.ibm.zosconnect.cics.internal.conn.isc.Connection$1.run(Unknown Source)
	at java.lang.Thread.run(Thread.java:825)

Dump of callerThis
Object type = com.ibm.zosconnect.cics.internal.conn.isc.TcpConnection
  CLASS_VERSION = "%Z% %W% %I% %E% %U%"
  copyright_notice = "PID 5655-CE3,5655-CE5 Copyright IBM Corp. 2006, 2022"
  tc = class com.ibm.websphere.ras.TraceComponent@10ed1e75
    strings[0] = "TraceComponent[com.ibm.zosconnect.cics.internal.conn.isc.TcpConnection,class com.ibm.zosconnect.cics.internal.conn.isc.TcpConnection,[zosConnectServiceCics, zosConnectCics],com.ibm.zosconnect.cics.internal.resources.ZosConnectCicsMessages,null]"
  serialVersionUID = 257198192387479606
  CLASS_VERSION = "%Z% %W% %I% %E% %U%"
  copyright_notice = "PID 5655-CE3,5655-CE5 Copyright IBM Corp. 1996, 2022"
  tc = class com.ibm.websphere.ras.TraceComponent@3e4e83e2
    strings[0] = "TraceComponent[com.ibm.zosconnect.cics.internal.conn.isc.Connection,class com.ibm.zosconnect.cics.internal.conn.isc.Connection,[zosConnectServiceCics, zosConnectCics],com.ibm.zosconnect.cics.internal.resources.ZosConnectCicsMessages,null]"
  HEARTBEAT_NOT_SPECIFIED = -1
  DEFAULT_SESSION_LIMIT = 100
  CICS_SP_IDENTIFIER = "IBM_zOS_Connect_CICS_SP/3.0.68.0/20230413-0749"
  connState = class com.ibm.zosconnect.cics.internal.conn.isc.Connection$ConnectionState@bd767fad
    CLOSED = class com.ibm.zosconnect.cics.internal.conn.isc.Connection$ConnectionState@53b7ff0a
      CLOSED = class com.ibm.zosconnect.cics.internal.conn.isc.Connection$ConnectionState@53b7ff0a
      OPENING = class com.ibm.zosconnect.cics.internal.conn.isc.Connection$ConnectionState@f95d34f0
      OPEN = class com.ibm.zosconnect.cics.internal.conn.isc.Connection$ConnectionState@60c61ee3
      CLOSING = class com.ibm.zosconnect.cics.internal.conn.isc.Connection$ConnectionState@bd767fad
      DRAINING = class com.ibm.zosconnect.cics.internal.conn.isc.Connection$ConnectionState@bb3b94e5
      WAITINTERVAL = class com.ibm.zosconnect.cics.internal.conn.isc.Connection$ConnectionState@78f18fdb
      RETRYING = class com.ibm.zosconnect.cics.internal.conn.isc.Connection$ConnectionState@5b159fc3
      $VALUES = class com.ibm.zosconnect.cics.internal.conn.isc.Connection$ConnectionState[7]
      name = "CLOSED"
      ordinal = 0
    OPENING = class com.ibm.zosconnect.cics.internal.conn.isc.Connection$ConnectionState@f95d34f0
      CLOSED = class com.ibm.zosconnect.cics.internal.conn.isc.Connection$ConnectionState@53b7ff0a
      OPENING = class com.ibm.zosconnect.cics.internal.conn.isc.Connection$ConnectionState@f95d34f0
      OPEN = class com.ibm.zosconnect.cics.internal.conn.isc.Connection$ConnectionState@60c61ee3
      CLOSING = class com.ibm.zosconnect.cics.internal.conn.isc.Connection$ConnectionState@bd767fad
      DRAINING = class com.ibm.zosconnect.cics.internal.conn.isc.Connection$ConnectionState@bb3b94e5
      WAITINTERVAL = class com.ibm.zosconnect.cics.internal.conn.isc.Connection$ConnectionState@78f18fdb
      RETRYING = class com.ibm.zosconnect.cics.internal.conn.isc.Connection$ConnectionState@5b159fc3
      $VALUES = class com.ibm.zosconnect.cics.internal.conn.isc.Connection$ConnectionState[7]
      name = "OPENING"
      ordinal = 1
    OPEN = class com.ibm.zosconnect.cics.internal.conn.isc.Connection$ConnectionState@60c61ee3
      CLOSED = class com.ibm.zosconnect.cics.internal.conn.isc.Connection$ConnectionState@53b7ff0a
      OPENING = class com.ibm.zosconnect.cics.internal.conn.isc.Connection$ConnectionState@f95d34f0
      OPEN = class com.ibm.zosconnect.cics.internal.conn.isc.Connection$ConnectionState@60c61ee3
      CLOSING = class com.ibm.zosconnect.cics.internal.conn.isc.Connection$ConnectionState@bd767fad
      DRAINING = class com.ibm.zosconnect.cics.internal.conn.isc.Connection$ConnectionState@bb3b94e5
      WAITINTERVAL = class com.ibm.zosconnect.cics.internal.conn.isc.Connection$ConnectionState@78f18fdb
      RETRYING = class com.ibm.zosconnect.cics.internal.conn.isc.Connection$ConnectionState@5b159fc3
      $VALUES = class com.ibm.zosconnect.cics.internal.conn.isc.Connection$ConnectionState[7]
      name = "OPEN"
      ordinal = 2
    CLOSING = class com.ibm.zosconnect.cics.internal.conn.isc.Connection$ConnectionState@bd767fad
    DRAINING = class com.ibm.zosconnect.cics.internal.conn.isc.Connection$ConnectionState@bb3b94e5
      CLOSED = class com.ibm.zosconnect.cics.internal.conn.isc.Connection$ConnectionState@53b7ff0a
      OPENING = class com.ibm.zosconnect.cics.internal.conn.isc.Connection$ConnectionState@f95d34f0
      OPEN = class com.ibm.zosconnect.cics.internal.conn.isc.Connection$ConnectionState@60c61ee3
      CLOSING = class com.ibm.zosconnect.cics.internal.conn.isc.Connection$ConnectionState@bd767fad
      DRAINING = class com.ibm.zosconnect.cics.internal.conn.isc.Connection$ConnectionState@bb3b94e5
      WAITINTERVAL = class com.ibm.zosconnect.cics.internal.conn.isc.Connection$ConnectionState@78f18fdb
      RETRYING = class com.ibm.zosconnect.cics.internal.conn.isc.Connection$ConnectionState@5b159fc3
      $VALUES = class com.ibm.zosconnect.cics.internal.conn.isc.Connection$ConnectionState[7]
      name = "DRAINING"
      ordinal = 4
    WAITINTERVAL = class com.ibm.zosconnect.cics.internal.conn.isc.Connection$ConnectionState@78f18fdb
      CLOSED = class com.ibm.zosconnect.cics.internal.conn.isc.Connection$ConnectionState@53b7ff0a
      OPENING = class com.ibm.zosconnect.cics.internal.conn.isc.Connection$ConnectionState@f95d34f0
      OPEN = class com.ibm.zosconnect.cics.internal.conn.isc.Connection$ConnectionState@60c61ee3
      CLOSING = class com.ibm.zosconnect.cics.internal.conn.isc.Connection$ConnectionState@bd767fad
      DRAINING = class com.ibm.zosconnect.cics.internal.conn.isc.Connection$ConnectionState@bb3b94e5
      WAITINTERVAL = class com.ibm.zosconnect.cics.internal.conn.isc.Connection$ConnectionState@78f18fdb
      RETRYING = class com.ibm.zosconnect.cics.internal.conn.isc.Connection$ConnectionState@5b159fc3
      $VALUES = class com.ibm.zosconnect.cics.internal.conn.isc.Connection$ConnectionState[7]
      name = "WAITINTERVAL"
      ordinal = 5
    RETRYING = class com.ibm.zosconnect.cics.internal.conn.isc.Connection$ConnectionState@5b159fc3
      CLOSED = class com.ibm.zosconnect.cics.internal.conn.isc.Connection$ConnectionState@53b7ff0a
      OPENING = class com.ibm.zosconnect.cics.internal.conn.isc.Connection$ConnectionState@f95d34f0
      OPEN = class com.ibm.zosconnect.cics.internal.conn.isc.Connection$ConnectionState@60c61ee3
      CLOSING = class com.ibm.zosconnect.cics.internal.conn.isc.Connection$ConnectionState@bd767fad
      DRAINING = class com.ibm.zosconnect.cics.internal.conn.isc.Connection$ConnectionState@bb3b94e5
      WAITINTERVAL = class com.ibm.zosconnect.cics.internal.conn.isc.Connection$ConnectionState@78f18fdb
      RETRYING = class com.ibm.zosconnect.cics.internal.conn.isc.Connection$ConnectionState@5b159fc3
      $VALUES = class com.ibm.zosconnect.cics.internal.conn.isc.Connection$ConnectionState[7]
      name = "RETRYING"
      ordinal = 6
    $VALUES = class com.ibm.zosconnect.cics.internal.conn.isc.Connection$ConnectionState[7]
      ConnectionState[0] = class com.ibm.zosconnect.cics.internal.conn.isc.Connection$ConnectionState@53b7ff0a
      ConnectionState[1] = class com.ibm.zosconnect.cics.internal.conn.isc.Connection$ConnectionState@f95d34f0
      ConnectionState[2] = class com.ibm.zosconnect.cics.internal.conn.isc.Connection$ConnectionState@60c61ee3
      ConnectionState[3] = class com.ibm.zosconnect.cics.internal.conn.isc.Connection$ConnectionState@bd767fad
      ConnectionState[4] = class com.ibm.zosconnect.cics.internal.conn.isc.Connection$ConnectionState@bb3b94e5
      ConnectionState[5] = class com.ibm.zosconnect.cics.internal.conn.isc.Connection$ConnectionState@78f18fdb
      ConnectionState[6] = class com.ibm.zosconnect.cics.internal.conn.isc.Connection$ConnectionState@5b159fc3
    name = "CLOSING"
    ordinal = 3
  servStatus = class com.ibm.zosconnect.cics.internal.conn.ServerStatus@9474ffc0
    AVAILABLE = class com.ibm.zosconnect.cics.internal.conn.ServerStatus@5e3d1ace
      AVAILABLE = class com.ibm.zosconnect.cics.internal.conn.ServerStatus@5e3d1ace
      UNAVAILABLE = class com.ibm.zosconnect.cics.internal.conn.ServerStatus@6ab7eee7
      STARTING = class com.ibm.zosconnect.cics.internal.conn.ServerStatus@9474ffc0
      STOPPING = class com.ibm.zosconnect.cics.internal.conn.ServerStatus@e4ae1549
      NOTSTARTED = class com.ibm.zosconnect.cics.internal.conn.ServerStatus@8670e0
      STOPPED = class com.ibm.zosconnect.cics.internal.conn.ServerStatus@ac8f9a36
      CLASS_VERSION = "%Z% %W% %I% %E% %U%"
      copyright_notice = "Licensed Materials - Property of IBM 5655-CE3 (c) Copyright IBM Corp. 2013, 2017 All Rights Reserved. US Government Users Restricted Rights - Use, duplication or disclosure restricted by GSA ADP Schedule Contract with IBM Corp."
      $VALUES = class com.ibm.zosconnect.cics.internal.conn.ServerStatus[6]
      name = "AVAILABLE"
      ordinal = 0
    UNAVAILABLE = class com.ibm.zosconnect.cics.internal.conn.ServerStatus@6ab7eee7
      AVAILABLE = class com.ibm.zosconnect.cics.internal.conn.ServerStatus@5e3d1ace
      UNAVAILABLE = class com.ibm.zosconnect.cics.internal.conn.ServerStatus@6ab7eee7
      STARTING = class com.ibm.zosconnect.cics.internal.conn.ServerStatus@9474ffc0
      STOPPING = class com.ibm.zosconnect.cics.internal.conn.ServerStatus@e4ae1549
      NOTSTARTED = class com.ibm.zosconnect.cics.internal.conn.ServerStatus@8670e0
      STOPPED = class com.ibm.zosconnect.cics.internal.conn.ServerStatus@ac8f9a36
      CLASS_VERSION = "%Z% %W% %I% %E% %U%"
      copyright_notice = "Licensed Materials - Property of IBM 5655-CE3 (c) Copyright IBM Corp. 2013, 2017 All Rights Reserved. US Government Users Restricted Rights - Use, duplication or disclosure restricted by GSA ADP Schedule Contract with IBM Corp."
      $VALUES = class com.ibm.zosconnect.cics.internal.conn.ServerStatus[6]
      name = "UNAVAILABLE"
      ordinal = 1
    STARTING = class com.ibm.zosconnect.cics.internal.conn.ServerStatus@9474ffc0
    STOPPING = class com.ibm.zosconnect.cics.internal.conn.ServerStatus@e4ae1549
      AVAILABLE = class com.ibm.zosconnect.cics.internal.conn.ServerStatus@5e3d1ace
      UNAVAILABLE = class com.ibm.zosconnect.cics.internal.conn.ServerStatus@6ab7eee7
      STARTING = class com.ibm.zosconnect.cics.internal.conn.ServerStatus@9474ffc0
      STOPPING = class com.ibm.zosconnect.cics.internal.conn.ServerStatus@e4ae1549
      NOTSTARTED = class com.ibm.zosconnect.cics.internal.conn.ServerStatus@8670e0
      STOPPED = class com.ibm.zosconnect.cics.internal.conn.ServerStatus@ac8f9a36
      CLASS_VERSION = "%Z% %W% %I% %E% %U%"
      copyright_notice = "Licensed Materials - Property of IBM 5655-CE3 (c) Copyright IBM Corp. 2013, 2017 All Rights Reserved. US Government Users Restricted Rights - Use, duplication or disclosure restricted by GSA ADP Schedule Contract with IBM Corp."
      $VALUES = class com.ibm.zosconnect.cics.internal.conn.ServerStatus[6]
      name = "STOPPING"
      ordinal = 3
    NOTSTARTED = class com.ibm.zosconnect.cics.internal.conn.ServerStatus@8670e0
      AVAILABLE = class com.ibm.zosconnect.cics.internal.conn.ServerStatus@5e3d1ace
      UNAVAILABLE = class com.ibm.zosconnect.cics.internal.conn.ServerStatus@6ab7eee7
      STARTING = class com.ibm.zosconnect.cics.internal.conn.ServerStatus@9474ffc0
      STOPPING = class com.ibm.zosconnect.cics.internal.conn.ServerStatus@e4ae1549
      NOTSTARTED = class com.ibm.zosconnect.cics.internal.conn.ServerStatus@8670e0
      STOPPED = class com.ibm.zosconnect.cics.internal.conn.ServerStatus@ac8f9a36
      CLASS_VERSION = "%Z% %W% %I% %E% %U%"
      copyright_notice = "Licensed Materials - Property of IBM 5655-CE3 (c) Copyright IBM Corp. 2013, 2017 All Rights Reserved. US Government Users Restricted Rights - Use, duplication or disclosure restricted by GSA ADP Schedule Contract with IBM Corp."
      $VALUES = class com.ibm.zosconnect.cics.internal.conn.ServerStatus[6]
      name = "NOTSTARTED"
      ordinal = 4
    STOPPED = class com.ibm.zosconnect.cics.internal.conn.ServerStatus@ac8f9a36
      AVAILABLE = class com.ibm.zosconnect.cics.internal.conn.ServerStatus@5e3d1ace
      UNAVAILABLE = class com.ibm.zosconnect.cics.internal.conn.ServerStatus@6ab7eee7
      STARTING = class com.ibm.zosconnect.cics.internal.conn.ServerStatus@9474ffc0
      STOPPING = class com.ibm.zosconnect.cics.internal.conn.ServerStatus@e4ae1549
      NOTSTARTED = class com.ibm.zosconnect.cics.internal.conn.ServerStatus@8670e0
      STOPPED = class com.ibm.zosconnect.cics.internal.conn.ServerStatus@ac8f9a36
      CLASS_VERSION = "%Z% %W% %I% %E% %U%"
      copyright_notice = "Licensed Materials - Property of IBM 5655-CE3 (c) Copyright IBM Corp. 2013, 2017 All Rights Reserved. US Government Users Restricted Rights - Use, duplication or disclosure restricted by GSA ADP Schedule Contract with IBM Corp."
      $VALUES = class com.ibm.zosconnect.cics.internal.conn.ServerStatus[6]
      name = "STOPPED"
      ordinal = 5
    CLASS_VERSION = "%Z% %W% %I% %E% %U%"
    copyright_notice = "Licensed Materials - Property of IBM 5655-CE3 (c) Copyright IBM Corp. 2013, 2017 All Rights Reserved. US Government Users Restricted Rights - Use, duplication or disclosure restricted by GSA ADP Schedule Contract with IBM Corp."
    $VALUES = class com.ibm.zosconnect.cics.internal.conn.ServerStatus[6]
      ServerStatus[0] = class com.ibm.zosconnect.cics.internal.conn.ServerStatus@5e3d1ace
      ServerStatus[1] = class com.ibm.zosconnect.cics.internal.conn.ServerStatus@6ab7eee7
      ServerStatus[2] = class com.ibm.zosconnect.cics.internal.conn.ServerStatus@9474ffc0
      ServerStatus[3] = class com.ibm.zosconnect.cics.internal.conn.ServerStatus@e4ae1549
      ServerStatus[4] = class com.ibm.zosconnect.cics.internal.conn.ServerStatus@8670e0
      ServerStatus[5] = class com.ibm.zosconnect.cics.internal.conn.ServerStatus@ac8f9a36
    name = "STARTING"
    ordinal = 2
  waitingWorkers = 1
  logEnabled = true
  requesterName = "UNKNOWN"
  cicsConnection = class com.ibm.zosconnect.cics.CicsIpicConnection@23b263b2
    copyright_notice = "PID 5655-CE3,5655-CE5 Copyright IBM Corp. 2007, 2021"
    tc = class com.ibm.websphere.ras.TraceComponent@c5481bf4
      strings[0] = "TraceComponent[com.ibm.zosconnect.cics.CicsIpicConnection,class com.ibm.zosconnect.cics.CicsIpicConnection,[zosConnectServiceCics, zosConnectCics],com.ibm.zosconnect.cics.internal.resources.ZosConnectCicsMessages,null]"
    zosConnectSafService = null
    CFG_HOST = "host"
    CFG_PORT = "port"
    CFG_SHARED_PORT = "sharedPort"
    CFG_ZOSCONNECT_APPLID = "zosConnectApplid"
    CFG_ZOSCONNECT_NETWORKID = "zosConnectNetworkid"
    CFG_CICS_APPLID = "cicsApplid"
    CFG_CICS_NETWORKID = "cicsNetworkid"
    CFG_SEND_SESSIONS = "sendSessions"
    SEND_SESSIONS_NOT_CONFIGURED = 0
    CFG_CONNECTION_TIMEOUT = "connectionTimeout"
    DEFAULT_CONNECTION_TIMEOUT = 30000
    CFG_HEARTBEAT_INTERVAL = "heartbeatInterval"
    DEFAULT_HEARTBEAT_INTERVAL = 30000
    MAX_HEARTBEAT_INTERVAL = 3600000
    CFG_CONNECTION_RETRY_INTERVAL = "connectionRetryInterval"
    DEFAULT_CONNECTION_RETRY_INTERVAL = 0
    DEFAULT_CONNECTION_RETRY_INTERVAL_WLD = 30000
    CFG_RECONNECT_INTERVAL = "reconnectInterval"
    DEFAULT_RECONNECT_INTERVAL = 0
    CFG_PREFERRED_HOST = "preferredSpecificHost"
    CFG_PREFERRED_PORT = "preferredSpecificPort"
    CFG_REQUEST_TIMEOUT = "requestTimeout"
    DEFAULT_REQUEST_TIMEOUT = 30000
    CFG_TRANSID = "transid"
    CFG_TRANSID_USAGE = "transidUsage"
    CFG_SSL_CERTS_REF = "sslCertsRef"
    CFG_SSL_REF = "sslRef"
    MAX_USERID_LENGTH = 8
    LOCAL_HOST = "local"
    id = "cicsConn"
    hostName = "169.59.167.206"
    portNumber = 8120
    sharedPort = false
    protocol = "TCP"
    zosConnectApplid = null
    zosConnectNetworkid = null
    cicsApplid = null
    cicsNetworkid = null
    connectionTimeout = 30000
    requestTimeout = 30000
    sendSessions = 0
    heartbeatInterval = 30000
    connectionRetryInterval = 0
    reconnectInterval = 0
    preferredHost = null
    localHosts = null
    preferredPort = 0
    transid = null
    transidUsage = "EIB_AND_MIRROR"
    sslCertsRef = null
    authData = class com.ibm.zosconnect.internal.security.AuthDataImpl@a5ad34c5
      copyright_notice = "Licensed Materials - Property of IBM 5655-CE3,5655-CE5 (c) Copyright IBM Corp. 2017 All Rights Reserved. US Government Users Restricted Rights - Use, duplication or disclosure restricted by GSA ADP Schedule Contract with IBM Corp."
      CFG_USER = "user"
      CFG_PASSWORD = "password"
      CFG_ELEMENT_ID = "id"
      user = "ibmuser"
      maskedPassword = "<sensitive com.ibm.zosconnect.spi.internal.ext.SecureString@62ea47ac>"
      id = "cicsCredentials"
      serialVersionUID = 5288419871243355465
      $$$tc$$$ = class com.ibm.websphere.ras.TraceComponent@5508ab01
    bOpen = true
    closeTimeout = 10000
    objWorkInProgressMonitor = class java.lang.Object@4afb7f77
    iWorkInProgress = 1
    activeRequests = class java.util.Hashtable@9fe1ccf
      EMPTY_TABLE = class java.util.Hashtable$Entry[0]
      table = class java.util.Hashtable$Entry[11]
      count = 1
      threshold = 8
      loadFactor = 0.75
      modCount = 1
      serialVersionUID = 1421746759512286392
      MAX_ARRAY_SIZE = 2147483639
      keySet = null
      entrySet = null
      values = null
      KEYS = 0
      VALUES = 1
      ENTRIES = 2
    connectionGroups = class java.util.HashSet@254ad943
      serialVersionUID = -5024744406713321676
      map = class java.util.HashMap@197e7251
      PRESENT = class java.lang.Object@53390430
      MAX_ARRAY_SIZE = 2147483639
    connCreated = true
    connOpen = false
    serialVersionUID = 7633171880840594551
  connOpenedOnce = false
  socketConnectTimeout = 30000
  hostname = "169.59.167.206"
  specificHostname = null
  existingSpecificHostname = null
  port = 8120
  specificPort = 0
  existingSpecificPort = 0
  protocol = class com.ibm.zosconnect.cics.internal.conn.isc.Connection$ConnectionProtocol@b5417f9f
    UNKNOWN = class com.ibm.zosconnect.cics.internal.conn.isc.Connection$ConnectionProtocol@a13bb35
      UNKNOWN = class com.ibm.zosconnect.cics.internal.conn.isc.Connection$ConnectionProtocol@a13bb35
      IPICSSL = class com.ibm.zosconnect.cics.internal.conn.isc.Connection$ConnectionProtocol@15828f8f
      IPIC = class com.ibm.zosconnect.cics.internal.conn.isc.Connection$ConnectionProtocol@b5417f9f
      $VALUES = class com.ibm.zosconnect.cics.internal.conn.isc.Connection$ConnectionProtocol[3]
      name = "UNKNOWN"
      ordinal = 0
    IPICSSL = class com.ibm.zosconnect.cics.internal.conn.isc.Connection$ConnectionProtocol@15828f8f
      UNKNOWN = class com.ibm.zosconnect.cics.internal.conn.isc.Connection$ConnectionProtocol@a13bb35
      IPICSSL = class com.ibm.zosconnect.cics.internal.conn.isc.Connection$ConnectionProtocol@15828f8f
      IPIC = class com.ibm.zosconnect.cics.internal.conn.isc.Connection$ConnectionProtocol@b5417f9f
      $VALUES = class com.ibm.zosconnect.cics.internal.conn.isc.Connection$ConnectionProtocol[3]
      name = "IPICSSL"
      ordinal = 1
    IPIC = class com.ibm.zosconnect.cics.internal.conn.isc.Connection$ConnectionProtocol@b5417f9f
    $VALUES = class com.ibm.zosconnect.cics.internal.conn.isc.Connection$ConnectionProtocol[3]
      ConnectionProtocol[0] = class com.ibm.zosconnect.cics.internal.conn.isc.Connection$ConnectionProtocol@a13bb35
      ConnectionProtocol[1] = class com.ibm.zosconnect.cics.internal.conn.isc.Connection$ConnectionProtocol@15828f8f
      ConnectionProtocol[2] = class com.ibm.zosconnect.cics.internal.conn.isc.Connection$ConnectionProtocol@b5417f9f
    name = "IPIC"
    ordinal = 2
  myAddr = class java.net.InetSocketAddress@5082346
    holder = class java.net.InetSocketAddress$InetSocketAddressHolder@ad5a0dc4
      hostname = null
      addr = class java.net.Inet4Address@21e72f39
      port = 8120
    serialVersionUID = 5076001401234631237
    serialPersistentFields = class java.io.ObjectStreamField[3]
      ObjectStreamField[0] = class java.io.ObjectStreamField@ab94da0e
      ObjectStreamField[1] = class java.io.ObjectStreamField@107751f6
      ObjectStreamField[2] = class java.io.ObjectStreamField@fdfad949
    FIELDS_OFFSET = 8
    UNSAFE = class sun.misc.Unsafe@3ebd5434
      theUnsafe = class sun.misc.Unsafe@3ebd5434
      INVALID_FIELD_OFFSET = -1
      ARRAY_BOOLEAN_BASE_OFFSET = 16
      ARRAY_BYTE_BASE_OFFSET = 16
      ARRAY_SHORT_BASE_OFFSET = 16
      ARRAY_CHAR_BASE_OFFSET = 16
      ARRAY_INT_BASE_OFFSET = 16
      ARRAY_LONG_BASE_OFFSET = 16
      ARRAY_FLOAT_BASE_OFFSET = 16
      ARRAY_DOUBLE_BASE_OFFSET = 16
      ARRAY_OBJECT_BASE_OFFSET = 16
      ARRAY_BOOLEAN_INDEX_SCALE = 1
      ARRAY_BYTE_INDEX_SCALE = 1
      ARRAY_SHORT_INDEX_SCALE = 2
      ARRAY_CHAR_INDEX_SCALE = 2
      ARRAY_INT_INDEX_SCALE = 4
      ARRAY_LONG_INDEX_SCALE = 8
      ARRAY_FLOAT_INDEX_SCALE = 4
      ARRAY_DOUBLE_INDEX_SCALE = 8
      ARRAY_OBJECT_INDEX_SCALE = 4
      ADDRESS_SIZE = 8
    serialVersionUID = 5215720748342549866
  idleTimeout = 0
  connectionOpenStartTime = 1684511196325
  heartbeatInterval = 30000
  heartbeatExplicit = true
  heartbeatEnabled = false
  isRequestedSessionsExplicit = false
  requestedSessions = 100
  cicsDefinedNumOfSessions = 0
  cicsApplid = null
  cicsApplidHLQ = null
  ourApplid = null
  ourApplidQualifier = null
  typeOfPort = class com.ibm.zosconnect.cics.internal.conn.isc.Connection$PortType@b9827cf9
    HA_NONE = class com.ibm.zosconnect.cics.internal.conn.isc.Connection$PortType@b9827cf9
    HA_GENERIC = class com.ibm.zosconnect.cics.internal.conn.isc.Connection$PortType@7ce815a1
      HA_NONE = class com.ibm.zosconnect.cics.internal.conn.isc.Connection$PortType@b9827cf9
      HA_GENERIC = class com.ibm.zosconnect.cics.internal.conn.isc.Connection$PortType@7ce815a1
      HA_SPECIFIC = class com.ibm.zosconnect.cics.internal.conn.isc.Connection$PortType@264cdd9a
      $VALUES = class com.ibm.zosconnect.cics.internal.conn.isc.Connection$PortType[3]
      name = "HA_GENERIC"
      ordinal = 1
    HA_SPECIFIC = class com.ibm.zosconnect.cics.internal.conn.isc.Connection$PortType@264cdd9a
      HA_NONE = class com.ibm.zosconnect.cics.internal.conn.isc.Connection$PortType@b9827cf9
      HA_GENERIC = class com.ibm.zosconnect.cics.internal.conn.isc.Connection$PortType@7ce815a1
      HA_SPECIFIC = class com.ibm.zosconnect.cics.internal.conn.isc.Connection$PortType@264cdd9a
      $VALUES = class com.ibm.zosconnect.cics.internal.conn.isc.Connection$PortType[3]
      name = "HA_SPECIFIC"
      ordinal = 2
    $VALUES = class com.ibm.zosconnect.cics.internal.conn.isc.Connection$PortType[3]
      PortType[0] = class com.ibm.zosconnect.cics.internal.conn.isc.Connection$PortType@b9827cf9
      PortType[1] = class com.ibm.zosconnect.cics.internal.conn.isc.Connection$PortType@7ce815a1
      PortType[2] = class com.ibm.zosconnect.cics.internal.conn.isc.Connection$PortType@264cdd9a
    name = "HA_NONE"
    ordinal = 0
  reconnectInterval = 0
  preferredHost = null
  preferredPort = 0
  sessionPools = class java.util.Vector@3062cdb0
    elementData = class java.lang.Object[10]
      Object[0] = null
      Object[1] = null
      Object[2] = null
      Object[3] = null
      Object[4] = null
      Object[5] = null
      Object[6] = null
      Object[7] = null
      Object[8] = null
      Object[9] = null
    elementCount = 0
    capacityIncrement = 0
    serialVersionUID = -2767605614048989439
    MAX_ARRAY_SIZE = 2147483639
    modCount = 2
    MAX_ARRAY_SIZE = 2147483639
  connectionId = "cicsConn"
  security = null
  connMgr = class com.ibm.zosconnect.cics.internal.conn.isc.ConnectionManager@751ca476
    CLASS_VERSION = "%Z% %W% %I% %E% %U%"
    copyright_notice = "PID 5655-CE3,5655-CE5 Copyright IBM Corp. 2006, 2022"
    tc = class com.ibm.websphere.ras.TraceComponent@b42dec39
      strings[0] = "TraceComponent[com.ibm.zosconnect.cics.internal.conn.isc.ConnectionManager,class com.ibm.zosconnect.cics.internal.conn.isc.ConnectionManager,[zosConnectServiceCics, zosConnectCics],com.ibm.zosconnect.cics.internal.resources.ZosConnectCicsMessages,null]"
    PROTOCOL_TCP = "TCP"
    PROTOCOL_SSL = "SSL"
    connectionPool = class java.util.HashMap@abd0c061
      serialVersionUID = 362498820763181265
      DEFAULT_INITIAL_CAPACITY = 16
      MAXIMUM_CAPACITY = 1073741824
      DEFAULT_LOAD_FACTOR = 0.75
      TREEIFY_THRESHOLD = 8
      UNTREEIFY_THRESHOLD = 6
      MIN_TREEIFY_CAPACITY = 64
      table = class java.util.HashMap$Node[16]
      entrySet = null
      size = 0
      modCount = 2
      threshold = 12
      loadFactor = 0.75
      keySet = null
      values = null
    connectionPoolReconnect = class java.util.HashMap@bf71136a
      serialVersionUID = 362498820763181265
      DEFAULT_INITIAL_CAPACITY = 16
      MAXIMUM_CAPACITY = 1073741824
      DEFAULT_LOAD_FACTOR = 0.75
      TREEIFY_THRESHOLD = 8
      UNTREEIFY_THRESHOLD = 6
      MIN_TREEIFY_CAPACITY = 64
      table = null
      entrySet = null
      size = 0
      modCount = 0
      threshold = 0
      loadFactor = 0.75
      keySet = null
      values = null
    serialVersionUID = -5274694396617937375
  ourInetAddress = class java.net.Inet4Address@98afe3f1
    INADDRSZ = 4
    serialVersionUID = 3286316764910316507
    IPv4 = 1
    IPv6 = 2
    preferIPv6Address = false
    holder = class java.net.InetAddress$InetAddressHolder@9b0a364
      originalHostName = null
      hostName = null
      address = -1407909886
      family = 1
    nameServices = class java.util.ArrayList@478ed58e
      serialVersionUID = 8683452581122892189
      DEFAULT_CAPACITY = 10
      EMPTY_ELEMENTDATA = class java.lang.Object[0]
      DEFAULTCAPACITY_EMPTY_ELEMENTDATA = class java.lang.Object[0]
      elementData = class java.lang.Object[10]
      size = 1
      MAX_ARRAY_SIZE = 2147483639
      modCount = 1
      MAX_ARRAY_SIZE = 2147483639
    canonicalHostName = null
    serialVersionUID = 3286316764910316507
    addressCache = class java.net.InetAddress$Cache@23466707
      cache = class java.util.LinkedHashMap@ade3373d
      type = class java.net.InetAddress$Cache$Type@190168ff
    negativeCache = class java.net.InetAddress$Cache@1fb9eda6
      cache = class java.util.LinkedHashMap@7d71ce0c
      type = class java.net.InetAddress$Cache$Type@4c0f03b5
    immortalAddressCache = class com.ibm.jvm.util.GlobalMap@e2711ad8
      DEFAULT_BLOCK_PAIRS = 6
      block_size = 13
      head = null
      lastKey = null
      lastValue = null
      $assertionsDisabled = true
    localHostName = "405850b99f6e"
    localHostNameLock = class java.net.InetAddress$localHostCacheLock@5e436f53
    cacheLocalHost = false
    addressCacheInit = true
    unknown_array = class java.net.InetAddress[1]
      InetAddress[0] = class java.net.Inet4Address@d797dfd7
    impl = class java.net.Inet4AddressImpl@a2bbabf6
      anyLocalAddress = class java.net.Inet4Address@d797dfd7
      loopbackAddress = class java.net.Inet4Address@90a9ce49
    lookupTable = class java.util.HashMap@49cf212f
      serialVersionUID = 362498820763181265
      DEFAULT_INITIAL_CAPACITY = 16
      MAXIMUM_CAPACITY = 1073741824
      DEFAULT_LOAD_FACTOR = 0.75
      TREEIFY_THRESHOLD = 8
      UNTREEIFY_THRESHOLD = 6
      MIN_TREEIFY_CAPACITY = 64
      table = class java.util.HashMap$Node[16]
      entrySet = null
      size = 0
      modCount = 4
      threshold = 12
      loadFactor = 0.75
      keySet = null
      values = null
    cachedLocalHost = class java.net.Inet4Address@4c3af850
      INADDRSZ = 4
      serialVersionUID = 3286316764910316507
      IPv4 = 1
      IPv6 = 2
      preferIPv6Address = false
      holder = class java.net.InetAddress$InetAddressHolder@4b91c3fc
      nameServices = class java.util.ArrayList@478ed58e
      canonicalHostName = "405850b99f6e"
      serialVersionUID = 3286316764910316507
      addressCache = class java.net.InetAddress$Cache@23466707
      negativeCache = class java.net.InetAddress$Cache@1fb9eda6
      immortalAddressCache = class com.ibm.jvm.util.GlobalMap@e2711ad8
      localHostName = "405850b99f6e"
      localHostNameLock = class java.net.InetAddress$localHostCacheLock@5e436f53
      cacheLocalHost = false
      addressCacheInit = true
      unknown_array = class java.net.InetAddress[1]
      impl = class java.net.Inet4AddressImpl@a2bbabf6
      lookupTable = class java.util.HashMap@49cf212f
      cachedLocalHost = class java.net.Inet4Address@4c3af850
      cacheTime = 1684511010515
      maxCacheTime = 5000
      cacheLock = class java.lang.Object@6276593b
      FIELDS_OFFSET = 8
      UNSAFE = class sun.misc.Unsafe@3ebd5434
      serialPersistentFields = class java.io.ObjectStreamField[3]
      $assertionsDisabled = true
    cacheTime = 1684511010515
    maxCacheTime = 5000
    cacheLock = class java.lang.Object@6276593b
    FIELDS_OFFSET = 8
    UNSAFE = class sun.misc.Unsafe@3ebd5434
    serialPersistentFields = class java.io.ObjectStreamField[3]
      ObjectStreamField[0] = class java.io.ObjectStreamField@c24da951
      ObjectStreamField[1] = class java.io.ObjectStreamField@467483eb
      ObjectStreamField[2] = class java.io.ObjectStreamField@5166f4e9
    $assertionsDisabled = true
  ourPort = 42810
  receiverCount = 1
  closed = false
  connected = false
  sendIS19 = false
  ipicVersion = 2
  nextConversationId = 1
  sessionPoolIndex = 0
  sessionLimit = 0
  maxSockets = 1
  firstSocketFailed = false
  timeoutEnabled = false
  eciTimeout = 0
  serialVersionUID = 2153291471949794744

