[5/22/23 21:13:51:760 UTC] - BAQW0056I: Undeploying API project.
[5/22/23 21:13:51:761 UTC] - BAQW0063I: Building API project.

> Task :clean
Deleting generated Java in /workspace/project/src/gen
Deleting generated config in /workspace/project/src/main/webapp

> Task :zosConnectPreBuildTask

> Task :openApiGenerate
################################################################################
# Thanks for using OpenAPI Generator.                                          #
# Please consider donation to help us maintain this project ðŸ™                 #
# https://opencollective.com/openapi_generator/donate                          #
################################################################################
Successfully generated code to /workspace/project

> Task :compileJava
> Task :processResources NO-SOURCE
> Task :classes
> Task :war
> Task :assemble
> Task :compileTestJava NO-SOURCE
> Task :processTestResources NO-SOURCE
> Task :testClasses UP-TO-DATE
> Task :test NO-SOURCE
> Task :check UP-TO-DATE
> Task :build

BUILD SUCCESSFUL in 4s
6 actionable tasks: 6 executed
[5/22/23 21:13:56:700 UTC] - BAQW0064I: API project built successfully.
[5/22/23 21:13:56:701 UTC] - BAQW0057I: Deploying API project.
[5/22/23 21:13:57:708 UTC] - BAQW0068I: API project deployed successfully.
